<?xml version="1.0" encoding="UTF-8"?>
<!-- Generated by org.testng.reporters.JUnitReportReporter -->
<testsuite hostname="Smruti" failures="0" tests="1" name="revice.NewTestgroup3" time="0.003" errors="0" timestamp="2022-07-27T13:42:46 IST" skipped="0">
  <testcase classname="revice.NewTestgroup3" name="e" time="0.003"/>
  <system-out>
    <![CDATA[e is runing]]>
  </system-out>
</testsuite> <!-- revice.NewTestgroup3 -->
