<?xml version="1.0" encoding="UTF-8"?>
<!-- Generated by org.testng.reporters.JUnitReportReporter -->
<testsuite hostname="Smruti" failures="0" tests="2" name="TestNgAnotation.NewTest" time="0.015" errors="0" timestamp="2022-07-23T05:37:54 IST" skipped="0">
  <testcase classname="TestNgAnotation.NewTest" name="methode1" time="0.011"/>
  <system-out>
    <![CDATA[methode1 ruuning]]>
  </system-out>
  <testcase classname="TestNgAnotation.NewTest" name="mymethod" time="0.004"/>
  <system-out>
    <![CDATA[Test methode runing]]>
  </system-out>
</testsuite> <!-- TestNgAnotation.NewTest -->
