<?xml version="1.0" encoding="UTF-8"?>
<!-- Generated by org.testng.reporters.JUnitReportReporter -->
<testsuite hostname="Smruti" failures="0" tests="5" name="TestNgkeyword.enablestudy" time="0.030" errors="0" timestamp="2022-07-27T15:10:40 IST" skipped="1">
  <testcase classname="TestNgkeyword.enablestudy" name="c" time="0.003"/>
  <system-out>
    <![CDATA[c methode is running]]>
  </system-out>
  <testcase classname="TestNgkeyword.enablestudy" name="b" time="0.020"/>
  <system-out>
    <![CDATA[b methode is running]]>
  </system-out>
  <testcase classname="TestNgkeyword.enablestudy" name="d" time="0.003"/>
  <system-out>
    <![CDATA[d methode is running]]>
  </system-out>
  <testcase classname="TestNgkeyword.enablestudy" name="e" time="0.004"/>
  <system-out>
    <![CDATA[e methode is running]]>
  </system-out>
  <testcase classname="TestNgkeyword.enablestudy" name="a">
    <skipped/>
  </testcase> <!-- a -->
  <system-out/>
</testsuite> <!-- TestNgkeyword.enablestudy -->
