<?xml version="1.0" encoding="UTF-8"?>
<!-- Generated by org.testng.reporters.JUnitReportReporter -->
<testsuite hostname="Smruti" failures="0" tests="1" name="TestNgxmlstudy.testnggrouping2" time="0.003" errors="0" timestamp="2022-07-27T12:41:05 IST" skipped="0">
  <testcase classname="TestNgxmlstudy.testnggrouping2" name="f" time="0.003"/>
  <system-out>
    <![CDATA[f method is running]]>
  </system-out>
</testsuite> <!-- TestNgxmlstudy.testnggrouping2 -->
