<?xml version="1.0" encoding="UTF-8"?>
<!-- Generated by org.testng.reporters.JUnitReportReporter -->
<testsuite hostname="Smruti" failures="0" tests="1" name="TestNgxmlstudy.testngrouping1" time="0.026" errors="0" timestamp="2022-07-27T12:41:05 IST" skipped="0">
  <testcase classname="TestNgxmlstudy.testngrouping1" name="b" time="0.026"/>
  <system-out>
    <![CDATA[b method is running]]>
  </system-out>
</testsuite> <!-- TestNgxmlstudy.testngrouping1 -->
