<?xml version="1.0" encoding="UTF-8"?>
<!-- Generated by org.testng.reporters.JUnitReportReporter -->
<testsuite hostname="Smruti" failures="0" tests="1" name="TestNgxmlstudy.NewTest1" time="0.005" errors="0" timestamp="2022-08-09T04:02:10 IST" skipped="0">
  <testcase classname="TestNgxmlstudy.NewTest1" name="b" time="0.005"/>
  <system-out>
    <![CDATA[b method is running]]>
  </system-out>
</testsuite> <!-- TestNgxmlstudy.NewTest1 -->
