<?xml version="1.0" encoding="UTF-8"?>
<!-- Generated by org.testng.reporters.JUnitReportReporter -->
<testsuite hostname="Smruti" failures="0" tests="5" name="TestNgkeyword.inovactioncountstudy" time="0.031" errors="0" timestamp="2022-07-27T15:10:01 IST" skipped="0">
  <testcase classname="TestNgkeyword.inovactioncountstudy" name="mymethod" time="0.003"/>
  <system-out>
    <![CDATA[mymethod is running]]>
  </system-out>
  <testcase classname="TestNgkeyword.inovactioncountstudy" name="mymethod" time="0.019"/>
  <system-out>
    <![CDATA[mymethod is running]]>
  </system-out>
  <testcase classname="TestNgkeyword.inovactioncountstudy" name="mymethod" time="0.003"/>
  <system-out>
    <![CDATA[mymethod is running]]>
  </system-out>
  <testcase classname="TestNgkeyword.inovactioncountstudy" name="mymethod" time="0.003"/>
  <system-out>
    <![CDATA[mymethod is running]]>
  </system-out>
  <testcase classname="TestNgkeyword.inovactioncountstudy" name="mymethod" time="0.003"/>
  <system-out>
    <![CDATA[mymethod is running]]>
  </system-out>
</testsuite> <!-- TestNgkeyword.inovactioncountstudy -->
