<?xml version="1.0" encoding="UTF-8"?>
<!-- Generated by org.testng.reporters.JUnitReportReporter -->
<testsuite hostname="Smruti" failures="0" tests="1" name="varificationintestng.paytmrecharge" time="88.942" errors="0" timestamp="2022-07-29T11:22:41 IST" skipped="0">
  <testcase classname="varificationintestng.paytmrecharge" name="paytmlunch" time="88.942"/>
  <system-out/>
</testsuite> <!-- varificationintestng.paytmrecharge -->
