<?xml version="1.0" encoding="UTF-8"?>
<!-- Generated by org.testng.reporters.JUnitReportReporter -->
<testsuite hostname="Smruti" failures="0" tests="1" name="Kittestclass.usingmypropertyvalidateuserid2" time="8.767" errors="0" timestamp="2022-08-03T17:45:05 IST" skipped="0">
  <testcase classname="Kittestclass.usingmypropertyvalidateuserid2" name="kitvalidid" time="8.767"/>
  <system-out>
    <![CDATA[takeschreenshort]]>
  </system-out>
</testsuite> <!-- Kittestclass.usingmypropertyvalidateuserid2 -->
