<?xml version="1.0" encoding="UTF-8"?>
<!-- Generated by org.testng.reporters.JUnitReportReporter -->
<testsuite hostname="Smruti" failures="0" tests="2" name="TestNgAnotation.anotatinstudy" time="0.029" errors="0" timestamp="2022-07-22T12:56:00 IST" skipped="0">
  <testcase classname="TestNgAnotation.anotatinstudy" name="testuserid" time="0.022"/>
  <system-out>
    <![CDATA[hello]]>
  </system-out>
  <testcase classname="TestNgAnotation.anotatinstudy" name="validUserId" time="0.007"/>
  <system-out>
    <![CDATA[User Id Valid]]>
  </system-out>
</testsuite> <!-- TestNgAnotation.anotatinstudy -->
