<?xml version="1.0" encoding="UTF-8"?>
<!-- Generated by org.testng.reporters.JUnitReportReporter -->
<testsuite hostname="Smruti" failures="0" tests="1" name="revice.NewTestgroup" time="0.004" errors="0" timestamp="2022-07-27T13:42:46 IST" skipped="0">
  <testcase classname="revice.NewTestgroup" name="a" time="0.004"/>
  <system-out>
    <![CDATA[a is runing]]>
  </system-out>
</testsuite> <!-- revice.NewTestgroup -->
