<?xml version="1.0" encoding="UTF-8"?>
<!-- Generated by org.testng.reporters.JUnitReportReporter -->
<testsuite hostname="Smruti" failures="0" tests="1" name="TestngSerialParala.NewTest1" time="27.072" errors="0" timestamp="2022-08-09T04:58:52 IST" skipped="0">
  <testcase classname="TestngSerialParala.NewTest1" name="discoverylunch" time="27.072"/>
  <system-out/>
</testsuite> <!-- TestngSerialParala.NewTest1 -->
