<?xml version="1.0" encoding="UTF-8"?>
<!-- Generated by org.testng.reporters.JUnitReportReporter -->
<testsuite hostname="Smruti" failures="0" tests="1" name="TestNgStudy.Testngtest" time="129.049" errors="0" timestamp="2022-07-31T14:07:08 IST" skipped="0">
  <testcase classname="TestNgStudy.Testngtest" name="lunchkit" time="129.049"/>
  <system-out/>
</testsuite> <!-- TestNgStudy.Testngtest -->
