<?xml version="1.0" encoding="UTF-8"?>
<!-- Generated by org.testng.reporters.JUnitReportReporter -->
<testsuite hostname="Smruti" failures="0" tests="1" name="ajinkyatestng.NewTest2" time="12.500" errors="0" timestamp="2022-08-11T15:10:10 IST" skipped="0">
  <testcase classname="ajinkyatestng.NewTest2" name="f" time="12.500"/>
  <system-out/>
</testsuite> <!-- ajinkyatestng.NewTest2 -->
