<?xml version="1.0" encoding="UTF-8"?>
<!-- Generated by org.testng.reporters.JUnitReportReporter -->
<testsuite hostname="Smruti" failures="0" tests="1" name="Kittestclass.validateuserid" time="21.938" errors="0" timestamp="2022-08-03T16:05:24 IST" skipped="0">
  <testcase classname="Kittestclass.validateuserid" name="kitvalidid" time="21.938"/>
  <system-out>
    <![CDATA[Read data from excelsheet
takeschreenshort]]>
  </system-out>
</testsuite> <!-- Kittestclass.validateuserid -->
