<?xml version="1.0" encoding="UTF-8"?>
<!-- Generated by org.testng.reporters.JUnitReportReporter -->
<testsuite hostname="Smruti" failures="0" tests="1" name="ajinkyatestng.NewTest5699" time="0.015" errors="0" timestamp="2022-08-11T14:50:57 IST" skipped="0">
  <testcase classname="ajinkyatestng.NewTest5699" name="e" time="0.015"/>
  <system-out>
    <![CDATA[e runninr]]>
  </system-out>
</testsuite> <!-- ajinkyatestng.NewTest5699 -->
