<?xml version="1.0" encoding="UTF-8"?>
<!-- Generated by org.testng.reporters.JUnitReportReporter -->
<testsuite hostname="Smruti" failures="0" tests="1" name="ajinkyatestng.NewTestparall" time="12.772" errors="0" timestamp="2022-08-11T15:10:10 IST" skipped="0">
  <testcase classname="ajinkyatestng.NewTestparall" name="f" time="12.772"/>
  <system-out/>
</testsuite> <!-- ajinkyatestng.NewTestparall -->
