<?xml version="1.0" encoding="UTF-8"?>
<!-- Generated by org.testng.reporters.JUnitReportReporter -->
<testsuite hostname="Smruti" failures="0" tests="1" name="srialyparall.serialNewTest" time="7.574" errors="0" timestamp="2022-08-09T04:45:29 IST" skipped="0">
  <testcase classname="srialyparall.serialNewTest" name="lunchpaytm" time="7.574"/>
  <system-out/>
</testsuite> <!-- srialyparall.serialNewTest -->
