<?xml version="1.0" encoding="UTF-8"?>
<!-- Generated by org.testng.reporters.JUnitReportReporter -->
<testsuite hostname="Smruti" failures="0" tests="1" name="srialyparall.paraNewTest" time="13.404" errors="0" timestamp="2022-08-09T04:45:12 IST" skipped="0">
  <testcase classname="srialyparall.paraNewTest" name="luchfbb" time="13.404"/>
  <system-out/>
</testsuite> <!-- srialyparall.paraNewTest -->
