<?xml version="1.0" encoding="UTF-8"?>
<!-- Generated by org.testng.reporters.JUnitReportReporter -->
<testsuite hostname="Smruti" failures="0" tests="1" name="crossbrozwertest.NewTesttry" time="53.073" errors="0" timestamp="2022-08-10T16:09:10 IST" skipped="0">
  <testcase classname="crossbrozwertest.NewTesttry" name="mylunch" time="53.073"/>
  <system-out/>
</testsuite> <!-- crossbrozwertest.NewTesttry -->
