<?xml version="1.0" encoding="UTF-8"?>
<!-- Generated by org.testng.reporters.JUnitReportReporter -->
<testsuite hostname="Smruti" failures="0" tests="1" name="TestngSerialParala.NewTest2" time="22.194" errors="0" timestamp="2022-08-09T04:58:53 IST" skipped="0">
  <testcase classname="TestngSerialParala.NewTest2" name="paytmlunch" time="22.194"/>
  <system-out/>
</testsuite> <!-- TestngSerialParala.NewTest2 -->
