<?xml version="1.0" encoding="UTF-8"?>
<!-- Generated by org.testng.reporters.JUnitReportReporter -->
<testsuite hostname="Smruti" failures="0" tests="1" name="TestNgStudy.Testngtest1" time="43.437" errors="0" timestamp="2022-07-24T23:04:01 IST" skipped="0">
  <testcase classname="TestNgStudy.Testngtest1" name="discovery" time="43.437"/>
  <system-out/>
</testsuite> <!-- TestNgStudy.Testngtest1 -->
