<?xml version="1.0" encoding="UTF-8"?>
<!-- Generated by org.testng.reporters.JUnitReportReporter -->
<testsuite hostname="Smruti" failures="0" tests="1" name="varificationintestng.AssertEqualandNotEqual" time="0.022" errors="0" timestamp="2022-07-28T10:14:15 IST" skipped="0">
  <testcase classname="varificationintestng.AssertEqualandNotEqual" name="f" time="0.022"/>
  <system-out/>
</testsuite> <!-- varificationintestng.AssertEqualandNotEqual -->
