<?xml version="1.0" encoding="UTF-8"?>
<!-- Generated by org.testng.reporters.JUnitReportReporter -->
<testsuite hostname="Smruti" failures="0" tests="1" name="varifyloginpage.testNGclass" time="12.731" errors="0" timestamp="2022-08-01T12:12:39 IST" skipped="0">
  <testcase classname="varifyloginpage.testNGclass" name="validuserid" time="12.731"/>
  <system-out>
    <![CDATA[validuserid expectedid and actualid]]>
  </system-out>
</testsuite> <!-- varifyloginpage.testNGclass -->
