<?xml version="1.0" encoding="UTF-8"?>
<!-- Generated by org.testng.reporters.JUnitReportReporter -->
<testsuite hostname="Smruti" failures="0" tests="5" name="TestNgkeyword.TimeOut" time="0.852" errors="0" timestamp="2022-07-23T05:34:15 IST" skipped="0">
  <testcase classname="TestNgkeyword.TimeOut" name="c" time="0.005"/>
  <system-out>
    <![CDATA[c methode is running]]>
  </system-out>
  <testcase classname="TestNgkeyword.TimeOut" name="d" time="0.003"/>
  <system-out>
    <![CDATA[d methode is running]]>
  </system-out>
  <testcase classname="TestNgkeyword.TimeOut" name="a" time="0.836"/>
  <system-out>
    <![CDATA[a methode is running]]>
  </system-out>
  <testcase classname="TestNgkeyword.TimeOut" name="e" time="0.004"/>
  <system-out>
    <![CDATA[e methode is running]]>
  </system-out>
  <testcase classname="TestNgkeyword.TimeOut" name="b" time="0.004"/>
  <system-out>
    <![CDATA[b methode is running]]>
  </system-out>
</testsuite> <!-- TestNgkeyword.TimeOut -->
