<?xml version="1.0" encoding="UTF-8"?>
<!-- Generated by org.testng.reporters.JUnitReportReporter -->
<testsuite hostname="Smruti" failures="0" tests="5" name="TestNgkeyword.priority" time="0.029" errors="0" timestamp="2022-07-22T23:58:57 IST" skipped="0">
  <testcase classname="TestNgkeyword.priority" name="c" time="0.004"/>
  <system-out>
    <![CDATA[c methode is running]]>
  </system-out>
  <testcase classname="TestNgkeyword.priority" name="a" time="0.018"/>
  <system-out>
    <![CDATA[a methode is running]]>
  </system-out>
  <testcase classname="TestNgkeyword.priority" name="d" time="0.002"/>
  <system-out>
    <![CDATA[d methode is running]]>
  </system-out>
  <testcase classname="TestNgkeyword.priority" name="e" time="0.002"/>
  <system-out>
    <![CDATA[e methode is running]]>
  </system-out>
  <testcase classname="TestNgkeyword.priority" name="b" time="0.003"/>
  <system-out>
    <![CDATA[b methode is running]]>
  </system-out>
</testsuite> <!-- TestNgkeyword.priority -->
